<?xml version="1.0" encoding="UTF-8"?>
<!-- Generated by org.testng.reporters.JUnitXMLReporter -->
<testsuite ignored="0" hostname="LAPTOP-JTLE8G7V" failures="0" tests="3" name="Default test" time="23.661" errors="0" timestamp="2022-10-22T17:35:06 IST">
  <testcase classname="Test.FaceBookLoginTest" name="Singupp" time="0.178"/>
  <testcase classname="Test.FaceBookLoginTest" name="ValidLogPage" time="1.862"/>
  <testcase classname="Test.FaceBookLoginTest" name="selectmo" time="0.137"/>
</testsuite> <!-- Default test -->
