<?xml version="1.0" encoding="UTF-8"?>
<testng-results ignored="0" total="3" passed="3" failed="0" skipped="0">
  <reporter-output>
  </reporter-output>
  <suite started-at="2022-10-22T17:34:42 IST" name="Default suite" finished-at="2022-10-22T17:35:06 IST" duration-ms="23661">
    <groups>
    </groups>
    <test started-at="2022-10-22T17:34:42 IST" name="Default test" finished-at="2022-10-22T17:35:06 IST" duration-ms="23661">
      <class name="Test.FaceBookLoginTest">
        <test-method is-config="true" signature="createReport()[pri:0, instance:Test.FaceBookLoginTest@6572421]" started-at="2022-10-22T17:34:42 IST" name="createReport" finished-at="2022-10-22T17:34:43 IST" duration-ms="187" status="PASS">
          <reporter-output>
          </reporter-output>
        </test-method> <!-- createReport -->
        <test-method is-config="true" signature="openChrome()[pri:0, instance:Test.FaceBookLoginTest@6572421]" started-at="2022-10-22T17:34:43 IST" name="openChrome" finished-at="2022-10-22T17:34:49 IST" duration-ms="6697" status="PASS">
          <reporter-output>
          </reporter-output>
        </test-method> <!-- openChrome -->
        <test-method signature="Singupp()[pri:0, instance:Test.FaceBookLoginTest@6572421]" started-at="2022-10-22T17:34:49 IST" name="Singupp" finished-at="2022-10-22T17:34:49 IST" duration-ms="178" status="PASS">
          <reporter-output>
          </reporter-output>
        </test-method> <!-- Singupp -->
        <test-method is-config="true" signature="captureResult(org.testng.ITestResult)[pri:0, instance:Test.FaceBookLoginTest@6572421]" started-at="2022-10-22T17:34:49 IST" name="captureResult" finished-at="2022-10-22T17:34:49 IST" duration-ms="10" status="PASS">
          <params>
            <param index="0">
              <value>
                <![CDATA[[TestResult name=Singupp status=SUCCESS method=FaceBookLoginTest.Singupp()[pri:0, instance:Test.FaceBookLoginTest@6572421] output={null}]]]>
              </value>
            </param>
          </params>
          <reporter-output>
          </reporter-output>
        </test-method> <!-- captureResult -->
        <test-method is-config="true" signature="openChrome()[pri:0, instance:Test.FaceBookLoginTest@6572421]" started-at="2022-10-22T17:34:49 IST" name="openChrome" finished-at="2022-10-22T17:34:57 IST" duration-ms="8015" status="PASS">
          <reporter-output>
          </reporter-output>
        </test-method> <!-- openChrome -->
        <test-method signature="ValidLogPage()[pri:0, instance:Test.FaceBookLoginTest@6572421]" started-at="2022-10-22T17:34:57 IST" name="ValidLogPage" finished-at="2022-10-22T17:34:59 IST" duration-ms="1862" status="PASS">
          <reporter-output>
          </reporter-output>
        </test-method> <!-- ValidLogPage -->
        <test-method is-config="true" signature="captureResult(org.testng.ITestResult)[pri:0, instance:Test.FaceBookLoginTest@6572421]" started-at="2022-10-22T17:34:59 IST" name="captureResult" finished-at="2022-10-22T17:34:59 IST" duration-ms="0" status="PASS">
          <params>
            <param index="0">
              <value>
                <![CDATA[[TestResult name=ValidLogPage status=SUCCESS method=FaceBookLoginTest.ValidLogPage()[pri:0, instance:Test.FaceBookLoginTest@6572421] output={null}]]]>
              </value>
            </param>
          </params>
          <reporter-output>
          </reporter-output>
        </test-method> <!-- captureResult -->
        <test-method is-config="true" signature="openChrome()[pri:0, instance:Test.FaceBookLoginTest@6572421]" started-at="2022-10-22T17:34:59 IST" name="openChrome" finished-at="2022-10-22T17:35:05 IST" duration-ms="5953" status="PASS">
          <reporter-output>
          </reporter-output>
        </test-method> <!-- openChrome -->
        <test-method signature="selectmo()[pri:0, instance:Test.FaceBookLoginTest@6572421]" started-at="2022-10-22T17:35:05 IST" name="selectmo" finished-at="2022-10-22T17:35:05 IST" duration-ms="137" status="PASS">
          <reporter-output>
          </reporter-output>
        </test-method> <!-- selectmo -->
        <test-method is-config="true" signature="captureResult(org.testng.ITestResult)[pri:0, instance:Test.FaceBookLoginTest@6572421]" started-at="2022-10-22T17:35:05 IST" name="captureResult" finished-at="2022-10-22T17:35:05 IST" duration-ms="1" status="PASS">
          <params>
            <param index="0">
              <value>
                <![CDATA[[TestResult name=selectmo status=SUCCESS method=FaceBookLoginTest.selectmo()[pri:0, instance:Test.FaceBookLoginTest@6572421] output={null}]]]>
              </value>
            </param>
          </params>
          <reporter-output>
          </reporter-output>
        </test-method> <!-- captureResult -->
        <test-method is-config="true" signature="flushResults()[pri:0, instance:Test.FaceBookLoginTest@6572421]" started-at="2022-10-22T17:35:05 IST" name="flushResults" finished-at="2022-10-22T17:35:06 IST" duration-ms="585" status="PASS">
          <reporter-output>
          </reporter-output>
        </test-method> <!-- flushResults -->
      </class> <!-- Test.FaceBookLoginTest -->
    </test> <!-- Default test -->
  </suite> <!-- Default suite -->
</testng-results>
